# JRE version: OpenJDK Runtime Environment Temurin-21.0.9+10 (21.0.9+10) (build 21.0.9+10-LTS)
# Java VM: OpenJDK 64-Bit Server VM Temurin-21.0.9+10 (21.0.9+10-LTS, mixed mode, sharing, tiered, compressed oops, compressed class ptrs, parallel gc, windows-amd64)
GC Precious Log:
 CardTable entry size: 512
 CPUs: 12 total, 12 available
 Memory: 7532M
 Large Page Support: Disabled
 NUMA Support: Disabled
 Compressed Oops: Enabled (32-bit)
 Alignments: Space 512K, Generation 512K, Heap 2M
 Heap Min Capacity: 100M
 Heap Initial Capacity: 100M
 Heap Max Capacity: 2G
 Pre-touch: Disabled
 Parallel Workers: 10
Heap:
 PSYoungGen      total 4608K, used 2910K [0x00000000d5580000, 0x00000000d5b00000, 0x0000000100000000)
  eden space 3584K, 65% used [0x00000000d5580000,0x00000000d57c7a08,0x00000000d5900000)
  from space 1024K, 56% used [0x00000000d5a00000,0x00000000d5a90000,0x00000000d5b00000)
  to   space 1024K, 0% used [0x00000000d5900000,0x00000000d5900000,0x00000000d5a00000)
 ParOldGen       total 237056K, used 236610K [0x0000000080000000, 0x000000008e780000, 0x00000000d5580000)
  object space 237056K, 99% used [0x0000000080000000,0x000000008e710818,0x000000008e780000)
 Metaspace       used 78589K, committed 80320K, reserved 1179648K
  class space    used 8317K, committed 9024K, reserved 1048576K
GC Heap History (20 events):
Event: 409.987 GC heap before
{Heap before GC invocations=246 (full 3):
 PSYoungGen      total 4608K, used 4480K [0x00000000d5580000, 0x00000000d5b00000, 0x0000000100000000)
  eden space 3584K, 100% used [0x00000000d5580000,0x00000000d5900000,0x00000000d5900000)
  from space 1024K, 87% used [0x00000000d5a00000,0x00000000d5ae02c0,0x00000000d5b00000)
  to   space 1024K, 0% used [0x00000000d5900000,0x00000000d5900000,0x00000000d5a00000)
 ParOldGen       total 231936K, used 231595K [0x0000000080000000, 0x000000008e280000, 0x00000000d5580000)
  object space 231936K, 99% used [0x0000000080000000,0x000000008e22ae30,0x000000008e280000)
 Metaspace       used 78473K, committed 80256K, reserved 1179648K
  class space    used 8315K, committed 9024K, reserved 1048576K
}
Event: 409.989 GC heap after
{Heap after GC invocations=246 (full 3):
 PSYoungGen      total 4608K, used 778K [0x00000000d5580000, 0x00000000d5b00000, 0x0000000100000000)
  eden space 3584K, 0% used [0x00000000d5580000,0x00000000d5580000,0x00000000d5900000)
  from space 1024K, 76% used [0x00000000d5900000,0x00000000d59c2930,0x00000000d5a00000)
  to   space 1024K, 0% used [0x00000000d5a00000,0x00000000d5a00000,0x00000000d5b00000)
 ParOldGen       total 232448K, used 232175K [0x0000000080000000, 0x000000008e300000, 0x00000000d5580000)
  object space 232448K, 99% used [0x0000000080000000,0x000000008e2bbd20,0x000000008e300000)
 Metaspace       used 78473K, committed 80256K, reserved 1179648K
  class space    used 8315K, committed 9024K, reserved 1048576K
}
Event: 410.020 GC heap before
{Heap before GC invocations=247 (full 3):
 PSYoungGen      total 4608K, used 2886K [0x00000000d5580000, 0x00000000d5b00000, 0x0000000100000000)
  eden space 3584K, 58% used [0x00000000d5580000,0x00000000d578f268,0x00000000d5900000)
  from space 1024K, 76% used [0x00000000d5900000,0x00000000d59c2930,0x00000000d5a00000)
  to   space 1024K, 0% used [0x00000000d5a00000,0x00000000d5a00000,0x00000000d5b00000)
 ParOldGen       total 232448K, used 232175K [0x0000000080000000, 0x000000008e300000, 0x00000000d5580000)
  object space 232448K, 99% used [0x0000000080000000,0x000000008e2bbd20,0x000000008e300000)
 Metaspace       used 78481K, committed 80256K, reserved 1179648K
  class space    used 8315K, committed 9024K, reserved 1048576K
}
Event: 410.026 GC heap after
{Heap after GC invocations=247 (full 3):
 PSYoungGen      total 4608K, used 682K [0x00000000d5580000, 0x00000000d5b00000, 0x0000000100000000)
  eden space 3584K, 0% used [0x00000000d5580000,0x00000000d5580000,0x00000000d5900000)
  from space 1024K, 66% used [0x00000000d5a00000,0x00000000d5aaaa98,0x00000000d5b00000)
  to   space 1024K, 0% used [0x00000000d5900000,0x00000000d5900000,0x00000000d5a00000)
 ParOldGen       total 232960K, used 232873K [0x0000000080000000, 0x000000008e380000, 0x00000000d5580000)
  object space 232960K, 99% used [0x0000000080000000,0x000000008e36a7b0,0x000000008e380000)
 Metaspace       used 78481K, committed 80256K, reserved 1179648K
  class space    used 8315K, committed 9024K, reserved 1048576K
}
Event: 410.111 GC heap before
{Heap before GC invocations=248 (full 3):
 PSYoungGen      total 4608K, used 4266K [0x00000000d5580000, 0x00000000d5b00000, 0x0000000100000000)
  eden space 3584K, 99% used [0x00000000d5580000,0x00000000d58ffff8,0x00000000d5900000)
  from space 1024K, 66% used [0x00000000d5a00000,0x00000000d5aaaa98,0x00000000d5b00000)
  to   space 1024K, 0% used [0x00000000d5900000,0x00000000d5900000,0x00000000d5a00000)
 ParOldGen       total 232960K, used 232873K [0x0000000080000000, 0x000000008e380000, 0x00000000d5580000)
  object space 232960K, 99% used [0x0000000080000000,0x000000008e36a7b0,0x000000008e380000)
 Metaspace       used 78502K, committed 80256K, reserved 1179648K
  class space    used 8315K, committed 9024K, reserved 1048576K
}
Event: 410.114 GC heap after
{Heap after GC invocations=248 (full 3):
 PSYoungGen      total 4608K, used 830K [0x00000000d5580000, 0x00000000d5b00000, 0x0000000100000000)
  eden space 3584K, 0% used [0x00000000d5580000,0x00000000d5580000,0x00000000d5900000)
  from space 1024K, 81% used [0x00000000d5900000,0x00000000d59cf8b0,0x00000000d5a00000)
  to   space 1024K, 0% used [0x00000000d5a00000,0x00000000d5a00000,0x00000000d5b00000)
 ParOldGen       total 233984K, used 233754K [0x0000000080000000, 0x000000008e480000, 0x00000000d5580000)
  object space 233984K, 99% used [0x0000000080000000,0x000000008e446820,0x000000008e480000)
 Metaspace       used 78502K, committed 80256K, reserved 1179648K
  class space    used 8315K, committed 9024K, reserved 1048576K
}
Event: 410.239 GC heap before
{Heap before GC invocations=249 (full 3):
 PSYoungGen      total 4608K, used 2934K [0x00000000d5580000, 0x00000000d5b00000, 0x0000000100000000)
  eden space 3584K, 58% used [0x00000000d5580000,0x00000000d578e078,0x00000000d5900000)
  from space 1024K, 81% used [0x00000000d5900000,0x00000000d59cf8b0,0x00000000d5a00000)
  to   space 1024K, 0% used [0x00000000d5a00000,0x00000000d5a00000,0x00000000d5b00000)
 ParOldGen       total 233984K, used 233754K [0x0000000080000000, 0x000000008e480000, 0x00000000d5580000)
  object space 233984K, 99% used [0x0000000080000000,0x000000008e446820,0x000000008e480000)
 Metaspace       used 78502K, committed 80256K, reserved 1179648K
  class space    used 8315K, committed 9024K, reserved 1048576K
}
Event: 410.241 GC heap after
{Heap after GC invocations=249 (full 3):
 PSYoungGen      total 4608K, used 416K [0x00000000d5580000, 0x00000000d5b00000, 0x0000000100000000)
  eden space 3584K, 0% used [0x00000000d5580000,0x00000000d5580000,0x00000000d5900000)
  from space 1024K, 40% used [0x00000000d5a00000,0x00000000d5a68000,0x00000000d5b00000)
  to   space 1024K, 0% used [0x00000000d5900000,0x00000000d5900000,0x00000000d5a00000)
 ParOldGen       total 234496K, used 234242K [0x0000000080000000, 0x000000008e500000, 0x00000000d5580000)
  object space 234496K, 99% used [0x0000000080000000,0x000000008e4c0818,0x000000008e500000)
 Metaspace       used 78502K, committed 80256K, reserved 1179648K
  class space    used 8315K, committed 9024K, reserved 1048576K
}
Event: 410.258 GC heap before
{Heap before GC invocations=250 (full 3):
 PSYoungGen      total 4608K, used 4000K [0x00000000d5580000, 0x00000000d5b00000, 0x0000000100000000)
  eden space 3584K, 100% used [0x00000000d5580000,0x00000000d5900000,0x00000000d5900000)
  from space 1024K, 40% used [0x00000000d5a00000,0x00000000d5a68000,0x00000000d5b00000)
  to   space 1024K, 0% used [0x00000000d5900000,0x00000000d5900000,0x00000000d5a00000)
 ParOldGen       total 234496K, used 234242K [0x0000000080000000, 0x000000008e500000, 0x00000000d5580000)
  object space 234496K, 99% used [0x0000000080000000,0x000000008e4c0818,0x000000008e500000)
 Metaspace       used 78514K, committed 80256K, reserved 1179648K
  class space    used 8316K, committed 9024K, reserved 1048576K
}
Event: 410.261 GC heap after
{Heap after GC invocations=250 (full 3):
 PSYoungGen      total 4608K, used 468K [0x00000000d5580000, 0x00000000d5a80000, 0x0000000100000000)
  eden space 3584K, 0% used [0x00000000d5580000,0x00000000d5580000,0x00000000d5900000)
  from space 1024K, 45% used [0x00000000d5900000,0x00000000d5975338,0x00000000d5a00000)
  to   space 512K, 0% used [0x00000000d5a00000,0x00000000d5a00000,0x00000000d5a80000)
 ParOldGen       total 234496K, used 234482K [0x0000000080000000, 0x000000008e500000, 0x00000000d5580000)
  object space 234496K, 99% used [0x0000000080000000,0x000000008e4fc828,0x000000008e500000)
 Metaspace       used 78514K, committed 80256K, reserved 1179648K
  class space    used 8316K, committed 9024K, reserved 1048576K
}
Event: 410.298 GC heap before
{Heap before GC invocations=251 (full 3):
 PSYoungGen      total 4608K, used 4052K [0x00000000d5580000, 0x00000000d5a80000, 0x0000000100000000)
  eden space 3584K, 100% used [0x00000000d5580000,0x00000000d5900000,0x00000000d5900000)
  from space 1024K, 45% used [0x00000000d5900000,0x00000000d5975338,0x00000000d5a00000)
  to   space 512K, 0% used [0x00000000d5a00000,0x00000000d5a00000,0x00000000d5a80000)
 ParOldGen       total 234496K, used 234482K [0x0000000080000000, 0x000000008e500000, 0x00000000d5580000)
  object space 234496K, 99% used [0x0000000080000000,0x000000008e4fc828,0x000000008e500000)
 Metaspace       used 78530K, committed 80256K, reserved 1179648K
  class space    used 8317K, committed 9024K, reserved 1048576K
}
Event: 410.300 GC heap after
{Heap after GC invocations=251 (full 3):
 PSYoungGen      total 4096K, used 512K [0x00000000d5580000, 0x00000000d5b00000, 0x0000000100000000)
  eden space 3584K, 0% used [0x00000000d5580000,0x00000000d5580000,0x00000000d5900000)
  from space 512K, 100% used [0x00000000d5a00000,0x00000000d5a80000,0x00000000d5a80000)
  to   space 1024K, 0% used [0x00000000d5900000,0x00000000d5900000,0x00000000d5a00000)
 ParOldGen       total 235008K, used 234742K [0x0000000080000000, 0x000000008e580000, 0x00000000d5580000)
  object space 235008K, 99% used [0x0000000080000000,0x000000008e53db60,0x000000008e580000)
 Metaspace       used 78530K, committed 80256K, reserved 1179648K
  class space    used 8317K, committed 9024K, reserved 1048576K
}
Event: 410.333 GC heap before
{Heap before GC invocations=252 (full 3):
 PSYoungGen      total 4096K, used 4096K [0x00000000d5580000, 0x00000000d5b00000, 0x0000000100000000)
  eden space 3584K, 100% used [0x00000000d5580000,0x00000000d5900000,0x00000000d5900000)
  from space 512K, 100% used [0x00000000d5a00000,0x00000000d5a80000,0x00000000d5a80000)
  to   space 1024K, 0% used [0x00000000d5900000,0x00000000d5900000,0x00000000d5a00000)
 ParOldGen       total 235008K, used 234742K [0x0000000080000000, 0x000000008e580000, 0x00000000d5580000)
  object space 235008K, 99% used [0x0000000080000000,0x000000008e53db60,0x000000008e580000)
 Metaspace       used 78539K, committed 80256K, reserved 1179648K
  class space    used 8317K, committed 9024K, reserved 1048576K
}
Event: 410.336 GC heap after
{Heap after GC invocations=252 (full 3):
 PSYoungGen      total 4608K, used 858K [0x00000000d5580000, 0x00000000d5b00000, 0x0000000100000000)
  eden space 3584K, 0% used [0x00000000d5580000,0x00000000d5580000,0x00000000d5900000)
  from space 1024K, 83% used [0x00000000d5900000,0x00000000d59d6900,0x00000000d5a00000)
  to   space 1024K, 0% used [0x00000000d5a00000,0x00000000d5a00000,0x00000000d5b00000)
 ParOldGen       total 235520K, used 235134K [0x0000000080000000, 0x000000008e600000, 0x00000000d5580000)
  object space 235520K, 99% used [0x0000000080000000,0x000000008e59fb60,0x000000008e600000)
 Metaspace       used 78539K, committed 80256K, reserved 1179648K
  class space    used 8317K, committed 9024K, reserved 1048576K
}
Event: 410.351 GC heap before
{Heap before GC invocations=253 (full 3):
 PSYoungGen      total 4608K, used 4442K [0x00000000d5580000, 0x00000000d5b00000, 0x0000000100000000)
  eden space 3584K, 100% used [0x00000000d5580000,0x00000000d5900000,0x00000000d5900000)
  from space 1024K, 83% used [0x00000000d5900000,0x00000000d59d6900,0x00000000d5a00000)
  to   space 1024K, 0% used [0x00000000d5a00000,0x00000000d5a00000,0x00000000d5b00000)
 ParOldGen       total 235520K, used 235134K [0x0000000080000000, 0x000000008e600000, 0x00000000d5580000)
  object space 235520K, 99% used [0x0000000080000000,0x000000008e59fb60,0x000000008e600000)
 Metaspace       used 78539K, committed 80256K, reserved 1179648K
  class space    used 8317K, committed 9024K, reserved 1048576K
}
Event: 410.354 GC heap after
{Heap after GC invocations=253 (full 3):
 PSYoungGen      total 4608K, used 480K [0x00000000d5580000, 0x00000000d5b00000, 0x0000000100000000)
  eden space 3584K, 0% used [0x00000000d5580000,0x00000000d5580000,0x00000000d5900000)
  from space 1024K, 46% used [0x00000000d5a00000,0x00000000d5a78000,0x00000000d5b00000)
  to   space 1024K, 0% used [0x00000000d5900000,0x00000000d5900000,0x00000000d5a00000)
 ParOldGen       total 236032K, used 235798K [0x0000000080000000, 0x000000008e680000, 0x00000000d5580000)
  object space 236032K, 99% used [0x0000000080000000,0x000000008e6459d0,0x000000008e680000)
 Metaspace       used 78539K, committed 80256K, reserved 1179648K
  class space    used 8317K, committed 9024K, reserved 1048576K
}
Event: 410.388 GC heap before
{Heap before GC invocations=254 (full 3):
 PSYoungGen      total 4608K, used 4064K [0x00000000d5580000, 0x00000000d5b00000, 0x0000000100000000)
  eden space 3584K, 100% used [0x00000000d5580000,0x00000000d5900000,0x00000000d5900000)
  from space 1024K, 46% used [0x00000000d5a00000,0x00000000d5a78000,0x00000000d5b00000)
  to   space 1024K, 0% used [0x00000000d5900000,0x00000000d5900000,0x00000000d5a00000)
 ParOldGen       total 236032K, used 235798K [0x0000000080000000, 0x000000008e680000, 0x00000000d5580000)
  object space 236032K, 99% used [0x0000000080000000,0x000000008e6459d0,0x000000008e680000)
 Metaspace       used 78546K, committed 80256K, reserved 1179648K
  class space    used 8317K, committed 9024K, reserved 1048576K
}
Event: 410.390 GC heap after
{Heap after GC invocations=254 (full 3):
 PSYoungGen      total 4608K, used 544K [0x00000000d5580000, 0x00000000d5b00000, 0x0000000100000000)
  eden space 3584K, 0% used [0x00000000d5580000,0x00000000d5580000,0x00000000d5900000)
  from space 1024K, 53% used [0x00000000d5900000,0x00000000d5988000,0x00000000d5a00000)
  to   space 1024K, 0% used [0x00000000d5a00000,0x00000000d5a00000,0x00000000d5b00000)
 ParOldGen       total 236544K, used 236210K [0x0000000080000000, 0x000000008e700000, 0x00000000d5580000)
  object space 236544K, 99% used [0x0000000080000000,0x000000008e6ac818,0x000000008e700000)
 Metaspace       used 78546K, committed 80256K, reserved 1179648K
  class space    used 8317K, committed 9024K, reserved 1048576K
}
Event: 410.477 GC heap before
{Heap before GC invocations=255 (full 3):
 PSYoungGen      total 4608K, used 4128K [0x00000000d5580000, 0x00000000d5b00000, 0x0000000100000000)
  eden space 3584K, 100% used [0x00000000d5580000,0x00000000d5900000,0x00000000d5900000)
  from space 1024K, 53% used [0x00000000d5900000,0x00000000d5988000,0x00000000d5a00000)
  to   space 1024K, 0% used [0x00000000d5a00000,0x00000000d5a00000,0x00000000d5b00000)
 ParOldGen       total 236544K, used 236210K [0x0000000080000000, 0x000000008e700000, 0x00000000d5580000)
  object space 236544K, 99% used [0x0000000080000000,0x000000008e6ac818,0x000000008e700000)
 Metaspace       used 78571K, committed 80320K, reserved 1179648K
  class space    used 8317K, committed 9024K, reserved 1048576K
}
Event: 410.480 GC heap after
{Heap after GC invocations=255 (full 3):
 PSYoungGen      total 4608K, used 576K [0x00000000d5580000, 0x00000000d5b00000, 0x0000000100000000)
  eden space 3584K, 0% used [0x00000000d5580000,0x00000000d5580000,0x00000000d5900000)
  from space 1024K, 56% used [0x00000000d5a00000,0x00000000d5a90000,0x00000000d5b00000)
  to   space 1024K, 0% used [0x00000000d5900000,0x00000000d5900000,0x00000000d5a00000)
 ParOldGen       total 237056K, used 236610K [0x0000000080000000, 0x000000008e780000, 0x00000000d5580000)
  object space 237056K, 99% used [0x0000000080000000,0x000000008e710818,0x000000008e780000)
 Metaspace       used 78571K, committed 80320K, reserved 1179648K
  class space    used 8317K, committed 9024K, reserved 1048576K
}

